<?xml version="1.0" encoding="UTF-8"?>
<!-- Generated by org.testng.reporters.JUnitXMLReporter -->
<testsuite hostname="WL357886" ignored="0" name="Login Test" tests="5" failures="0" timestamp="2020-07-03T16:41:05 IST" time="55.383" errors="0">
  <testcase name="validCredentialTest" time="4.251" classname="com.tieto.test.LoginTest"/>
  <testcase name="validCredentialTest" time="4.176" classname="com.tieto.test.LoginTest"/>
  <testcase name="validCredentialTest" time="4.231" classname="com.tieto.test.LoginTest"/>
  <testcase name="invalidCredentialTest" time="1.772" classname="com.tieto.test.LoginTest"/>
  <testcase name="invalidCredentialTest" time="1.768" classname="com.tieto.test.LoginTest"/>
</testsuite> <!-- Login Test -->
