<?xml version="1.0" encoding="UTF-8"?>
<testng-results skipped="0" failed="0" ignored="0" total="5" passed="5">
  <reporter-output>
  </reporter-output>
  <suite name="OpenEMR Suite" duration-ms="55383" started-at="2020-07-03T16:40:10 IST" finished-at="2020-07-03T16:41:05 IST">
    <groups>
    </groups>
    <test name="Login Test" duration-ms="55383" started-at="2020-07-03T16:40:10 IST" finished-at="2020-07-03T16:41:05 IST">
      <class name="com.tieto.test.LoginTest">
        <test-method status="PASS" signature="init(java.lang.String)[pri:0, instance:com.tieto.test.LoginTest@56235b8e]" name="init" is-config="true" duration-ms="7559" started-at="2020-07-03T16:40:11 IST" finished-at="2020-07-03T16:40:18 IST">
          <params>
            <param index="0">
              <value>
                <![CDATA[chrome]]>
              </value>
            </param>
          </params>
          <reporter-output>
          </reporter-output>
        </test-method> <!-- init -->
        <test-method status="PASS" signature="validCredentialTest(java.lang.String, java.lang.String, java.lang.String, java.lang.String)[pri:1, instance:com.tieto.test.LoginTest@56235b8e]" name="validCredentialTest" duration-ms="4251" started-at="2020-07-03T16:40:18 IST" data-provider="validCredentialData" finished-at="2020-07-03T16:40:22 IST">
          <params>
            <param index="0">
              <value>
                <![CDATA[admin]]>
              </value>
            </param>
            <param index="1">
              <value>
                <![CDATA[pass]]>
              </value>
            </param>
            <param index="2">
              <value>
                <![CDATA[English (Indian)]]>
              </value>
            </param>
            <param index="3">
              <value>
                <![CDATA[OpenEMR]]>
              </value>
            </param>
          </params>
          <reporter-output>
          </reporter-output>
        </test-method> <!-- validCredentialTest -->
        <test-method status="PASS" signature="end()[pri:0, instance:com.tieto.test.LoginTest@56235b8e]" name="end" is-config="true" duration-ms="1452" started-at="2020-07-03T16:40:22 IST" finished-at="2020-07-03T16:40:24 IST">
          <reporter-output>
          </reporter-output>
        </test-method> <!-- end -->
        <test-method status="PASS" signature="init(java.lang.String)[pri:0, instance:com.tieto.test.LoginTest@56235b8e]" name="init" is-config="true" duration-ms="6131" started-at="2020-07-03T16:40:24 IST" finished-at="2020-07-03T16:40:30 IST">
          <params>
            <param index="0">
              <value>
                <![CDATA[chrome]]>
              </value>
            </param>
          </params>
          <reporter-output>
          </reporter-output>
        </test-method> <!-- init -->
        <test-method status="PASS" signature="validCredentialTest(java.lang.String, java.lang.String, java.lang.String, java.lang.String)[pri:1, instance:com.tieto.test.LoginTest@56235b8e]" name="validCredentialTest" duration-ms="4176" started-at="2020-07-03T16:40:30 IST" data-provider="validCredentialData" finished-at="2020-07-03T16:40:34 IST">
          <params>
            <param index="0">
              <value>
                <![CDATA[physician]]>
              </value>
            </param>
            <param index="1">
              <value>
                <![CDATA[physician]]>
              </value>
            </param>
            <param index="2">
              <value>
                <![CDATA[English (Indian)]]>
              </value>
            </param>
            <param index="3">
              <value>
                <![CDATA[OpenEMR]]>
              </value>
            </param>
          </params>
          <reporter-output>
          </reporter-output>
        </test-method> <!-- validCredentialTest -->
        <test-method status="PASS" signature="end()[pri:0, instance:com.tieto.test.LoginTest@56235b8e]" name="end" is-config="true" duration-ms="1466" started-at="2020-07-03T16:40:34 IST" finished-at="2020-07-03T16:40:36 IST">
          <reporter-output>
          </reporter-output>
        </test-method> <!-- end -->
        <test-method status="PASS" signature="init(java.lang.String)[pri:0, instance:com.tieto.test.LoginTest@56235b8e]" name="init" is-config="true" duration-ms="6181" started-at="2020-07-03T16:40:36 IST" finished-at="2020-07-03T16:40:42 IST">
          <params>
            <param index="0">
              <value>
                <![CDATA[chrome]]>
              </value>
            </param>
          </params>
          <reporter-output>
          </reporter-output>
        </test-method> <!-- init -->
        <test-method status="PASS" signature="validCredentialTest(java.lang.String, java.lang.String, java.lang.String, java.lang.String)[pri:1, instance:com.tieto.test.LoginTest@56235b8e]" name="validCredentialTest" duration-ms="4231" started-at="2020-07-03T16:40:42 IST" data-provider="validCredentialData" finished-at="2020-07-03T16:40:46 IST">
          <params>
            <param index="0">
              <value>
                <![CDATA[accountant]]>
              </value>
            </param>
            <param index="1">
              <value>
                <![CDATA[accountant]]>
              </value>
            </param>
            <param index="2">
              <value>
                <![CDATA[English (Indian)]]>
              </value>
            </param>
            <param index="3">
              <value>
                <![CDATA[OpenEMR]]>
              </value>
            </param>
          </params>
          <reporter-output>
          </reporter-output>
        </test-method> <!-- validCredentialTest -->
        <test-method status="PASS" signature="end()[pri:0, instance:com.tieto.test.LoginTest@56235b8e]" name="end" is-config="true" duration-ms="704" started-at="2020-07-03T16:40:46 IST" finished-at="2020-07-03T16:40:47 IST">
          <reporter-output>
          </reporter-output>
        </test-method> <!-- end -->
        <test-method status="PASS" signature="init(java.lang.String)[pri:0, instance:com.tieto.test.LoginTest@56235b8e]" name="init" is-config="true" duration-ms="6364" started-at="2020-07-03T16:40:47 IST" finished-at="2020-07-03T16:40:53 IST">
          <params>
            <param index="0">
              <value>
                <![CDATA[chrome]]>
              </value>
            </param>
          </params>
          <reporter-output>
          </reporter-output>
        </test-method> <!-- init -->
        <test-method status="PASS" signature="invalidCredentialTest(java.lang.String, java.lang.String, java.lang.String, java.lang.String)[pri:2, instance:com.tieto.test.LoginTest@56235b8e]" name="invalidCredentialTest" duration-ms="1772" started-at="2020-07-03T16:40:53 IST" data-provider="invalidCredentialsData" finished-at="2020-07-03T16:40:55 IST">
          <params>
            <param index="0">
              <value>
                <![CDATA[john]]>
              </value>
            </param>
            <param index="1">
              <value>
                <![CDATA[john123]]>
              </value>
            </param>
            <param index="2">
              <value>
                <![CDATA[English (Indian)]]>
              </value>
            </param>
            <param index="3">
              <value>
                <![CDATA[Invalid username or password]]>
              </value>
            </param>
          </params>
          <reporter-output>
          </reporter-output>
        </test-method> <!-- invalidCredentialTest -->
        <test-method status="PASS" signature="end()[pri:0, instance:com.tieto.test.LoginTest@56235b8e]" name="end" is-config="true" duration-ms="1191" started-at="2020-07-03T16:40:55 IST" finished-at="2020-07-03T16:40:56 IST">
          <reporter-output>
          </reporter-output>
        </test-method> <!-- end -->
        <test-method status="PASS" signature="init(java.lang.String)[pri:0, instance:com.tieto.test.LoginTest@56235b8e]" name="init" is-config="true" duration-ms="6282" started-at="2020-07-03T16:40:56 IST" finished-at="2020-07-03T16:41:02 IST">
          <params>
            <param index="0">
              <value>
                <![CDATA[chrome]]>
              </value>
            </param>
          </params>
          <reporter-output>
          </reporter-output>
        </test-method> <!-- init -->
        <test-method status="PASS" signature="invalidCredentialTest(java.lang.String, java.lang.String, java.lang.String, java.lang.String)[pri:2, instance:com.tieto.test.LoginTest@56235b8e]" name="invalidCredentialTest" duration-ms="1768" started-at="2020-07-03T16:41:02 IST" data-provider="invalidCredentialsData" finished-at="2020-07-03T16:41:04 IST">
          <params>
            <param index="0">
              <value>
                <![CDATA[paul]]>
              </value>
            </param>
            <param index="1">
              <value>
                <![CDATA[paul123]]>
              </value>
            </param>
            <param index="2">
              <value>
                <![CDATA[French (Standard)]]>
              </value>
            </param>
            <param index="3">
              <value>
                <![CDATA[Invalid username or password]]>
              </value>
            </param>
          </params>
          <reporter-output>
          </reporter-output>
        </test-method> <!-- invalidCredentialTest -->
        <test-method status="PASS" signature="end()[pri:0, instance:com.tieto.test.LoginTest@56235b8e]" name="end" is-config="true" duration-ms="1059" started-at="2020-07-03T16:41:04 IST" finished-at="2020-07-03T16:41:05 IST">
          <reporter-output>
          </reporter-output>
        </test-method> <!-- end -->
      </class> <!-- com.tieto.test.LoginTest -->
    </test> <!-- Login Test -->
  </suite> <!-- OpenEMR Suite -->
</testng-results>
