<?xml version="1.0" encoding="UTF-8"?>
<testng-results skipped="0" failed="0" ignored="0" total="1" passed="1">
  <reporter-output>
  </reporter-output>
  <suite name="Default suite" duration-ms="66" started-at="2020-07-03T15:23:25 IST" finished-at="2020-07-03T15:23:25 IST">
    <groups>
    </groups>
    <test name="Default test" duration-ms="66" started-at="2020-07-03T15:23:25 IST" finished-at="2020-07-03T15:23:25 IST">
      <class name="com.tieto.test.DemoTest">
        <test-method status="PASS" signature="readProperties()[pri:0, instance:com.tieto.test.DemoTest@4bbfb90a]" name="readProperties" duration-ms="10" started-at="2020-07-03T15:23:25 IST" finished-at="2020-07-03T15:23:25 IST">
          <reporter-output>
          </reporter-output>
        </test-method> <!-- readProperties -->
      </class> <!-- com.tieto.test.DemoTest -->
    </test> <!-- Default test -->
  </suite> <!-- Default suite -->
</testng-results>
